<?xml version="1.0" encoding="UTF-8"?>
<testsuites>
  <testsuite name="/home/krogulec/work/mangadex/mangadex-backend/phpunit.xml.dist" tests="136" assertions="251" errors="0" failures="0" skipped="2" time="2.468790">
    <testsuite name="Project Test Suite" tests="136" assertions="251" errors="0" failures="0" skipped="2" time="2.468790">
      <testsuite name="App\Tests\Integration\Api\MangaApiTest" file="/home/krogulec/work/mangadex/mangadex-backend/tests/Integration/Api/MangaApiTest.php" tests="11" assertions="24" errors="0" failures="0" skipped="1" time="1.496453">
        <testcase name="testCreateManga" file="/home/krogulec/work/mangadex/mangadex-backend/tests/Integration/Api/MangaApiTest.php" line="11" class="App\Tests\Integration\Api\MangaApiTest" classname="App.Tests.Integration.Api.MangaApiTest" assertions="4" time="0.634473"/>
        <testcase name="testGetMangaCollection" file="/home/krogulec/work/mangadex/mangadex-backend/tests/Integration/Api/MangaApiTest.php" line="47" class="App\Tests\Integration\Api\MangaApiTest" classname="App.Tests.Integration.Api.MangaApiTest" assertions="4" time="0.130090"/>
        <testcase name="testGetMangaItem" file="/home/krogulec/work/mangadex/mangadex-backend/tests/Integration/Api/MangaApiTest.php" line="57" class="App\Tests\Integration\Api\MangaApiTest" classname="App.Tests.Integration.Api.MangaApiTest" assertions="2" time="0.060989"/>
        <testcase name="testUpdateManga" file="/home/krogulec/work/mangadex/mangadex-backend/tests/Integration/Api/MangaApiTest.php" line="77" class="App\Tests\Integration\Api\MangaApiTest" classname="App.Tests.Integration.Api.MangaApiTest" assertions="3" time="0.098365"/>
        <testcase name="testDeleteManga" file="/home/krogulec/work/mangadex/mangadex-backend/tests/Integration/Api/MangaApiTest.php" line="106" class="App\Tests\Integration\Api\MangaApiTest" classname="App.Tests.Integration.Api.MangaApiTest" assertions="0" time="0.022117">
          <skipped/>
        </testcase>
        <testcase name="testSearchMangaByTitle" file="/home/krogulec/work/mangadex/mangadex-backend/tests/Integration/Api/MangaApiTest.php" line="112" class="App\Tests\Integration\Api\MangaApiTest" classname="App.Tests.Integration.Api.MangaApiTest" assertions="3" time="0.099929"/>
        <testcase name="testFilterMangaByStatus" file="/home/krogulec/work/mangadex/mangadex-backend/tests/Integration/Api/MangaApiTest.php" line="147" class="App\Tests\Integration\Api\MangaApiTest" classname="App.Tests.Integration.Api.MangaApiTest" assertions="2" time="0.105930"/>
        <testcase name="testFilterMangaByContentRating" file="/home/krogulec/work/mangadex/mangadex-backend/tests/Integration/Api/MangaApiTest.php" line="169" class="App\Tests\Integration\Api\MangaApiTest" classname="App.Tests.Integration.Api.MangaApiTest" assertions="2" time="0.081630"/>
        <testcase name="testOrderMangaByYear" file="/home/krogulec/work/mangadex/mangadex-backend/tests/Integration/Api/MangaApiTest.php" line="191" class="App\Tests\Integration\Api\MangaApiTest" classname="App.Tests.Integration.Api.MangaApiTest" assertions="2" time="0.089960"/>
        <testcase name="testUnauthorizedAccess" file="/home/krogulec/work/mangadex/mangadex-backend/tests/Integration/Api/MangaApiTest.php" line="216" class="App\Tests\Integration\Api\MangaApiTest" classname="App.Tests.Integration.Api.MangaApiTest" assertions="1" time="0.100434"/>
        <testcase name="testValidationErrors" file="/home/krogulec/work/mangadex/mangadex-backend/tests/Integration/Api/MangaApiTest.php" line="224" class="App\Tests\Integration\Api\MangaApiTest" classname="App.Tests.Integration.Api.MangaApiTest" assertions="1" time="0.072535">
          <system-out>[error] Uncaught PHP Exception ApiPlatform\Validator\Exception\ValidationException: "originalLanguage: This value should not be null.
status: The value you selected is not a valid choice.
contentRating: The value you selected is not a valid choice." at Validator.php line 58
[error] An exception occured, transforming to an Error resource.
</system-out>
        </testcase>
      </testsuite>
      <testsuite name="App\Tests\Integration\Api\UserApiTest" file="/home/krogulec/work/mangadex/mangadex-backend/tests/Integration/Api/UserApiTest.php" tests="10" assertions="23" errors="0" failures="0" skipped="1" time="0.610466">
        <testcase name="testGetUserCollection" file="/home/krogulec/work/mangadex/mangadex-backend/tests/Integration/Api/UserApiTest.php" line="17" class="App\Tests\Integration\Api\UserApiTest" classname="App.Tests.Integration.Api.UserApiTest" assertions="4" time="0.091491"/>
        <testcase name="testCreateUser" file="/home/krogulec/work/mangadex/mangadex-backend/tests/Integration/Api/UserApiTest.php" line="27" class="App\Tests\Integration\Api\UserApiTest" classname="App.Tests.Integration.Api.UserApiTest" assertions="5" time="0.063778"/>
        <testcase name="testGetUserItem" file="/home/krogulec/work/mangadex/mangadex-backend/tests/Integration/Api/UserApiTest.php" line="49" class="App\Tests\Integration\Api\UserApiTest" classname="App.Tests.Integration.Api.UserApiTest" assertions="3" time="0.056285"/>
        <testcase name="testUpdateUser" file="/home/krogulec/work/mangadex/mangadex-backend/tests/Integration/Api/UserApiTest.php" line="69" class="App\Tests\Integration\Api\UserApiTest" classname="App.Tests.Integration.Api.UserApiTest" assertions="3" time="0.066524"/>
        <testcase name="testDeleteUser" file="/home/krogulec/work/mangadex/mangadex-backend/tests/Integration/Api/UserApiTest.php" line="97" class="App\Tests\Integration\Api\UserApiTest" classname="App.Tests.Integration.Api.UserApiTest" assertions="0" time="0.039813">
          <skipped/>
        </testcase>
        <testcase name="testSearchUserByUsername" file="/home/krogulec/work/mangadex/mangadex-backend/tests/Integration/Api/UserApiTest.php" line="103" class="App\Tests\Integration\Api\UserApiTest" classname="App.Tests.Integration.Api.UserApiTest" assertions="2" time="0.059022"/>
        <testcase name="testSearchUserByEmail" file="/home/krogulec/work/mangadex/mangadex-backend/tests/Integration/Api/UserApiTest.php" line="124" class="App\Tests\Integration\Api\UserApiTest" classname="App.Tests.Integration.Api.UserApiTest" assertions="2" time="0.058823"/>
        <testcase name="testOrderUsersByUsername" file="/home/krogulec/work/mangadex/mangadex-backend/tests/Integration/Api/UserApiTest.php" line="145" class="App\Tests\Integration\Api\UserApiTest" classname="App.Tests.Integration.Api.UserApiTest" assertions="2" time="0.062665"/>
        <testcase name="testUnauthorizedAccess" file="/home/krogulec/work/mangadex/mangadex-backend/tests/Integration/Api/UserApiTest.php" line="169" class="App\Tests\Integration\Api\UserApiTest" classname="App.Tests.Integration.Api.UserApiTest" assertions="1" time="0.054849"/>
        <testcase name="testValidationErrors" file="/home/krogulec/work/mangadex/mangadex-backend/tests/Integration/Api/UserApiTest.php" line="177" class="App\Tests\Integration\Api\UserApiTest" classname="App.Tests.Integration.Api.UserApiTest" assertions="1" time="0.057217">
          <system-out>[error] Uncaught PHP Exception ApiPlatform\Validator\Exception\ValidationException: "username: This value should not be blank.
username: This value is too short. It should have 1 character or more.
email: This value is not a valid email address.
password: This value is too short. It should have 8 characters or more." at Validator.php line 58
[error] An exception occured, transforming to an Error resource.
</system-out>
        </testcase>
      </testsuite>
      <testsuite name="App\Tests\Integration\DataFixtures\DatabaseTest" file="/home/krogulec/work/mangadex/mangadex-backend/tests/Integration/DataFixtures/DatabaseTest.php" tests="11" assertions="43" errors="0" failures="0" skipped="0" time="0.355692">
        <testcase name="testDatabaseConnection" file="/home/krogulec/work/mangadex/mangadex-backend/tests/Integration/DataFixtures/DatabaseTest.php" line="42" class="App\Tests\Integration\DataFixtures\DatabaseTest" classname="App.Tests.Integration.DataFixtures.DatabaseTest" assertions="1" time="0.007292"/>
        <testcase name="testUserEntityPersistence" file="/home/krogulec/work/mangadex/mangadex-backend/tests/Integration/DataFixtures/DatabaseTest.php" line="48" class="App\Tests\Integration\DataFixtures\DatabaseTest" classname="App.Tests.Integration.DataFixtures.DatabaseTest" assertions="4" time="0.051828"/>
        <testcase name="testMangaEntityPersistence" file="/home/krogulec/work/mangadex/mangadex-backend/tests/Integration/DataFixtures/DatabaseTest.php" line="68" class="App\Tests\Integration\DataFixtures\DatabaseTest" classname="App.Tests.Integration.DataFixtures.DatabaseTest" assertions="4" time="0.010173"/>
        <testcase name="testAuthorEntityPersistence" file="/home/krogulec/work/mangadex/mangadex-backend/tests/Integration/DataFixtures/DatabaseTest.php" line="88" class="App\Tests\Integration\DataFixtures\DatabaseTest" classname="App.Tests.Integration.DataFixtures.DatabaseTest" assertions="3" time="0.008197"/>
        <testcase name="testTagEntityPersistence" file="/home/krogulec/work/mangadex/mangadex-backend/tests/Integration/DataFixtures/DatabaseTest.php" line="103" class="App\Tests\Integration\DataFixtures\DatabaseTest" classname="App.Tests.Integration.DataFixtures.DatabaseTest" assertions="3" time="0.049051"/>
        <testcase name="testMangaAuthorRelationship" file="/home/krogulec/work/mangadex/mangadex-backend/tests/Integration/DataFixtures/DatabaseTest.php" line="119" class="App\Tests\Integration\DataFixtures\DatabaseTest" classname="App.Tests.Integration.DataFixtures.DatabaseTest" assertions="2" time="0.031223"/>
        <testcase name="testMangaTagRelationship" file="/home/krogulec/work/mangadex/mangadex-backend/tests/Integration/DataFixtures/DatabaseTest.php" line="142" class="App\Tests\Integration\DataFixtures\DatabaseTest" classname="App.Tests.Integration.DataFixtures.DatabaseTest" assertions="2" time="0.028434"/>
        <testcase name="testChapterMangaRelationship" file="/home/krogulec/work/mangadex/mangadex-backend/tests/Integration/DataFixtures/DatabaseTest.php" line="166" class="App\Tests\Integration\DataFixtures\DatabaseTest" classname="App.Tests.Integration.DataFixtures.DatabaseTest" assertions="2" time="0.054448"/>
        <testcase name="testFakeDataGenerator" file="/home/krogulec/work/mangadex/mangadex-backend/tests/Integration/DataFixtures/DatabaseTest.php" line="200" class="App\Tests\Integration\DataFixtures\DatabaseTest" classname="App.Tests.Integration.DataFixtures.DatabaseTest" assertions="12" time="0.033086"/>
        <testcase name="testLargeDatasetGeneration" file="/home/krogulec/work/mangadex/mangadex-backend/tests/Integration/DataFixtures/DatabaseTest.php" line="233" class="App\Tests\Integration\DataFixtures\DatabaseTest" classname="App.Tests.Integration.DataFixtures.DatabaseTest" assertions="4" time="0.070794"/>
        <testcase name="testEntityTimestamps" file="/home/krogulec/work/mangadex/mangadex-backend/tests/Integration/DataFixtures/DatabaseTest.php" line="253" class="App\Tests\Integration\DataFixtures\DatabaseTest" classname="App.Tests.Integration.DataFixtures.DatabaseTest" assertions="6" time="0.011166"/>
      </testsuite>
      <testsuite name="App\Tests\Unit\Entity\AuthorTest" file="/home/krogulec/work/mangadex/mangadex-backend/tests/Unit/Entity/AuthorTest.php" tests="26" assertions="43" errors="0" failures="0" skipped="0" time="0.001568">
        <testcase name="testAuthorCreation" file="/home/krogulec/work/mangadex/mangadex-backend/tests/Unit/Entity/AuthorTest.php" line="17" class="App\Tests\Unit\Entity\AuthorTest" classname="App.Tests.Unit.Entity.AuthorTest" assertions="3" time="0.000142"/>
        <testcase name="testName" file="/home/krogulec/work/mangadex/mangadex-backend/tests/Unit/Entity/AuthorTest.php" line="24" class="App\Tests\Unit\Entity\AuthorTest" classname="App.Tests.Unit.Entity.AuthorTest" assertions="1" time="0.000071"/>
        <testcase name="testImageUrl" file="/home/krogulec/work/mangadex/mangadex-backend/tests/Unit/Entity/AuthorTest.php" line="31" class="App\Tests\Unit\Entity\AuthorTest" classname="App.Tests.Unit.Entity.AuthorTest" assertions="1" time="0.000066"/>
        <testcase name="testBiography" file="/home/krogulec/work/mangadex/mangadex-backend/tests/Unit/Entity/AuthorTest.php" line="38" class="App\Tests\Unit\Entity\AuthorTest" classname="App.Tests.Unit.Entity.AuthorTest" assertions="1" time="0.000057"/>
        <testcase name="testTwitter" file="/home/krogulec/work/mangadex/mangadex-backend/tests/Unit/Entity/AuthorTest.php" line="45" class="App\Tests\Unit\Entity\AuthorTest" classname="App.Tests.Unit.Entity.AuthorTest" assertions="1" time="0.000058"/>
        <testcase name="testPixiv" file="/home/krogulec/work/mangadex/mangadex-backend/tests/Unit/Entity/AuthorTest.php" line="52" class="App\Tests\Unit\Entity\AuthorTest" classname="App.Tests.Unit.Entity.AuthorTest" assertions="1" time="0.000057"/>
        <testcase name="testMelonBook" file="/home/krogulec/work/mangadex/mangadex-backend/tests/Unit/Entity/AuthorTest.php" line="59" class="App\Tests\Unit\Entity\AuthorTest" classname="App.Tests.Unit.Entity.AuthorTest" assertions="1" time="0.000062"/>
        <testcase name="testFanBox" file="/home/krogulec/work/mangadex/mangadex-backend/tests/Unit/Entity/AuthorTest.php" line="66" class="App\Tests\Unit\Entity\AuthorTest" classname="App.Tests.Unit.Entity.AuthorTest" assertions="1" time="0.000055"/>
        <testcase name="testBooth" file="/home/krogulec/work/mangadex/mangadex-backend/tests/Unit/Entity/AuthorTest.php" line="73" class="App\Tests\Unit\Entity\AuthorTest" classname="App.Tests.Unit.Entity.AuthorTest" assertions="1" time="0.000056"/>
        <testcase name="testNicoVideo" file="/home/krogulec/work/mangadex/mangadex-backend/tests/Unit/Entity/AuthorTest.php" line="80" class="App\Tests\Unit\Entity\AuthorTest" classname="App.Tests.Unit.Entity.AuthorTest" assertions="1" time="0.000055"/>
        <testcase name="testSkeb" file="/home/krogulec/work/mangadex/mangadex-backend/tests/Unit/Entity/AuthorTest.php" line="87" class="App\Tests\Unit\Entity\AuthorTest" classname="App.Tests.Unit.Entity.AuthorTest" assertions="1" time="0.000054"/>
        <testcase name="testFantia" file="/home/krogulec/work/mangadex/mangadex-backend/tests/Unit/Entity/AuthorTest.php" line="94" class="App\Tests\Unit\Entity\AuthorTest" classname="App.Tests.Unit.Entity.AuthorTest" assertions="1" time="0.000055"/>
        <testcase name="testTumblr" file="/home/krogulec/work/mangadex/mangadex-backend/tests/Unit/Entity/AuthorTest.php" line="101" class="App\Tests\Unit\Entity\AuthorTest" classname="App.Tests.Unit.Entity.AuthorTest" assertions="1" time="0.000055"/>
        <testcase name="testYoutube" file="/home/krogulec/work/mangadex/mangadex-backend/tests/Unit/Entity/AuthorTest.php" line="108" class="App\Tests\Unit\Entity\AuthorTest" classname="App.Tests.Unit.Entity.AuthorTest" assertions="1" time="0.000060"/>
        <testcase name="testWeibo" file="/home/krogulec/work/mangadex/mangadex-backend/tests/Unit/Entity/AuthorTest.php" line="115" class="App\Tests\Unit\Entity\AuthorTest" classname="App.Tests.Unit.Entity.AuthorTest" assertions="1" time="0.000053"/>
        <testcase name="testNaver" file="/home/krogulec/work/mangadex/mangadex-backend/tests/Unit/Entity/AuthorTest.php" line="122" class="App\Tests\Unit\Entity\AuthorTest" classname="App.Tests.Unit.Entity.AuthorTest" assertions="1" time="0.000052"/>
        <testcase name="testWebsite" file="/home/krogulec/work/mangadex/mangadex-backend/tests/Unit/Entity/AuthorTest.php" line="129" class="App\Tests\Unit\Entity\AuthorTest" classname="App.Tests.Unit.Entity.AuthorTest" assertions="1" time="0.000063"/>
        <testcase name="testVersion" file="/home/krogulec/work/mangadex/mangadex-backend/tests/Unit/Entity/AuthorTest.php" line="136" class="App\Tests\Unit\Entity\AuthorTest" classname="App.Tests.Unit.Entity.AuthorTest" assertions="1" time="0.000057"/>
        <testcase name="testTimestamps" file="/home/krogulec/work/mangadex/mangadex-backend/tests/Unit/Entity/AuthorTest.php" line="143" class="App\Tests\Unit\Entity\AuthorTest" classname="App.Tests.Unit.Entity.AuthorTest" assertions="2" time="0.000060"/>
        <testcase name="testMangaAsAuthorCollection" file="/home/krogulec/work/mangadex/mangadex-backend/tests/Unit/Entity/AuthorTest.php" line="155" class="App\Tests\Unit\Entity\AuthorTest" classname="App.Tests.Unit.Entity.AuthorTest" assertions="2" time="0.000059"/>
        <testcase name="testMangaAsArtistCollection" file="/home/krogulec/work/mangadex/mangadex-backend/tests/Unit/Entity/AuthorTest.php" line="161" class="App\Tests\Unit\Entity\AuthorTest" classname="App.Tests.Unit.Entity.AuthorTest" assertions="2" time="0.000052"/>
        <testcase name="testNullImageUrl" file="/home/krogulec/work/mangadex/mangadex-backend/tests/Unit/Entity/AuthorTest.php" line="167" class="App\Tests\Unit\Entity\AuthorTest" classname="App.Tests.Unit.Entity.AuthorTest" assertions="1" time="0.000052"/>
        <testcase name="testNullBiography" file="/home/krogulec/work/mangadex/mangadex-backend/tests/Unit/Entity/AuthorTest.php" line="172" class="App\Tests\Unit\Entity\AuthorTest" classname="App.Tests.Unit.Entity.AuthorTest" assertions="1" time="0.000050"/>
        <testcase name="testNullSocialMedia" file="/home/krogulec/work/mangadex/mangadex-backend/tests/Unit/Entity/AuthorTest.php" line="177" class="App\Tests\Unit\Entity\AuthorTest" classname="App.Tests.Unit.Entity.AuthorTest" assertions="13" time="0.000062"/>
        <testcase name="testMultilingualName" file="/home/krogulec/work/mangadex/mangadex-backend/tests/Unit/Entity/AuthorTest.php" line="194" class="App\Tests\Unit\Entity\AuthorTest" classname="App.Tests.Unit.Entity.AuthorTest" assertions="1" time="0.000051"/>
        <testcase name="testMultilingualBiography" file="/home/krogulec/work/mangadex/mangadex-backend/tests/Unit/Entity/AuthorTest.php" line="205" class="App\Tests\Unit\Entity\AuthorTest" classname="App.Tests.Unit.Entity.AuthorTest" assertions="1" time="0.000053"/>
      </testsuite>
      <testsuite name="App\Tests\Unit\Entity\ChapterTest" file="/home/krogulec/work/mangadex/mangadex-backend/tests/Unit/Entity/ChapterTest.php" tests="22" assertions="29" errors="0" failures="0" skipped="0" time="0.001230">
        <testcase name="testChapterCreation" file="/home/krogulec/work/mangadex/mangadex-backend/tests/Unit/Entity/ChapterTest.php" line="19" class="App\Tests\Unit\Entity\ChapterTest" classname="App.Tests.Unit.Entity.ChapterTest" assertions="5" time="0.000088"/>
        <testcase name="testTitle" file="/home/krogulec/work/mangadex/mangadex-backend/tests/Unit/Entity/ChapterTest.php" line="28" class="App\Tests\Unit\Entity\ChapterTest" classname="App.Tests.Unit.Entity.ChapterTest" assertions="1" time="0.000062"/>
        <testcase name="testVolume" file="/home/krogulec/work/mangadex/mangadex-backend/tests/Unit/Entity/ChapterTest.php" line="35" class="App\Tests\Unit\Entity\ChapterTest" classname="App.Tests.Unit.Entity.ChapterTest" assertions="1" time="0.000052"/>
        <testcase name="testChapter" file="/home/krogulec/work/mangadex/mangadex-backend/tests/Unit/Entity/ChapterTest.php" line="42" class="App\Tests\Unit\Entity\ChapterTest" classname="App.Tests.Unit.Entity.ChapterTest" assertions="1" time="0.000051"/>
        <testcase name="testPages" file="/home/krogulec/work/mangadex/mangadex-backend/tests/Unit/Entity/ChapterTest.php" line="49" class="App\Tests\Unit\Entity\ChapterTest" classname="App.Tests.Unit.Entity.ChapterTest" assertions="1" time="0.000050"/>
        <testcase name="testTranslatedLanguage" file="/home/krogulec/work/mangadex/mangadex-backend/tests/Unit/Entity/ChapterTest.php" line="56" class="App\Tests\Unit\Entity\ChapterTest" classname="App.Tests.Unit.Entity.ChapterTest" assertions="1" time="0.000052"/>
        <testcase name="testExternalUrl" file="/home/krogulec/work/mangadex/mangadex-backend/tests/Unit/Entity/ChapterTest.php" line="63" class="App\Tests\Unit\Entity\ChapterTest" classname="App.Tests.Unit.Entity.ChapterTest" assertions="1" time="0.000051"/>
        <testcase name="testVersion" file="/home/krogulec/work/mangadex/mangadex-backend/tests/Unit/Entity/ChapterTest.php" line="70" class="App\Tests\Unit\Entity\ChapterTest" classname="App.Tests.Unit.Entity.ChapterTest" assertions="1" time="0.000049"/>
        <testcase name="testTimestamps" file="/home/krogulec/work/mangadex/mangadex-backend/tests/Unit/Entity/ChapterTest.php" line="77" class="App\Tests\Unit\Entity\ChapterTest" classname="App.Tests.Unit.Entity.ChapterTest" assertions="2" time="0.000055"/>
        <testcase name="testPublishAt" file="/home/krogulec/work/mangadex/mangadex-backend/tests/Unit/Entity/ChapterTest.php" line="89" class="App\Tests\Unit\Entity\ChapterTest" classname="App.Tests.Unit.Entity.ChapterTest" assertions="1" time="0.000050"/>
        <testcase name="testReadableAt" file="/home/krogulec/work/mangadex/mangadex-backend/tests/Unit/Entity/ChapterTest.php" line="96" class="App\Tests\Unit\Entity\ChapterTest" classname="App.Tests.Unit.Entity.ChapterTest" assertions="1" time="0.000051"/>
        <testcase name="testIsUnavailable" file="/home/krogulec/work/mangadex/mangadex-backend/tests/Unit/Entity/ChapterTest.php" line="103" class="App\Tests\Unit\Entity\ChapterTest" classname="App.Tests.Unit.Entity.ChapterTest" assertions="1" time="0.000051"/>
        <testcase name="testManga" file="/home/krogulec/work/mangadex/mangadex-backend/tests/Unit/Entity/ChapterTest.php" line="109" class="App\Tests\Unit\Entity\ChapterTest" classname="App.Tests.Unit.Entity.ChapterTest" assertions="1" time="0.000055"/>
        <testcase name="testUploader" file="/home/krogulec/work/mangadex/mangadex-backend/tests/Unit/Entity/ChapterTest.php" line="118" class="App\Tests\Unit\Entity\ChapterTest" classname="App.Tests.Unit.Entity.ChapterTest" assertions="1" time="0.000057"/>
        <testcase name="testGroupsCollection" file="/home/krogulec/work/mangadex/mangadex-backend/tests/Unit/Entity/ChapterTest.php" line="127" class="App\Tests\Unit\Entity\ChapterTest" classname="App.Tests.Unit.Entity.ChapterTest" assertions="2" time="0.000060"/>
        <testcase name="testReportsCollection" file="/home/krogulec/work/mangadex/mangadex-backend/tests/Unit/Entity/ChapterTest.php" line="133" class="App\Tests\Unit\Entity\ChapterTest" classname="App.Tests.Unit.Entity.ChapterTest" assertions="2" time="0.000056"/>
        <testcase name="testNullTitle" file="/home/krogulec/work/mangadex/mangadex-backend/tests/Unit/Entity/ChapterTest.php" line="139" class="App\Tests\Unit\Entity\ChapterTest" classname="App.Tests.Unit.Entity.ChapterTest" assertions="1" time="0.000067"/>
        <testcase name="testNullVolume" file="/home/krogulec/work/mangadex/mangadex-backend/tests/Unit/Entity/ChapterTest.php" line="144" class="App\Tests\Unit\Entity\ChapterTest" classname="App.Tests.Unit.Entity.ChapterTest" assertions="1" time="0.000057"/>
        <testcase name="testNullChapter" file="/home/krogulec/work/mangadex/mangadex-backend/tests/Unit/Entity/ChapterTest.php" line="149" class="App\Tests\Unit\Entity\ChapterTest" classname="App.Tests.Unit.Entity.ChapterTest" assertions="1" time="0.000059"/>
        <testcase name="testNullExternalUrl" file="/home/krogulec/work/mangadex/mangadex-backend/tests/Unit/Entity/ChapterTest.php" line="154" class="App\Tests\Unit\Entity\ChapterTest" classname="App.Tests.Unit.Entity.ChapterTest" assertions="1" time="0.000053"/>
        <testcase name="testNullPublishAt" file="/home/krogulec/work/mangadex/mangadex-backend/tests/Unit/Entity/ChapterTest.php" line="159" class="App\Tests\Unit\Entity\ChapterTest" classname="App.Tests.Unit.Entity.ChapterTest" assertions="1" time="0.000051"/>
        <testcase name="testNullReadableAt" file="/home/krogulec/work/mangadex/mangadex-backend/tests/Unit/Entity/ChapterTest.php" line="164" class="App\Tests\Unit\Entity\ChapterTest" classname="App.Tests.Unit.Entity.ChapterTest" assertions="1" time="0.000051"/>
      </testsuite>
      <testsuite name="App\Tests\Unit\Entity\MangaTest" file="/home/krogulec/work/mangadex/mangadex-backend/tests/Unit/Entity/MangaTest.php" tests="30" assertions="45" errors="0" failures="0" skipped="0" time="0.001688">
        <testcase name="testMangaCreation" file="/home/krogulec/work/mangadex/mangadex-backend/tests/Unit/Entity/MangaTest.php" line="19" class="App\Tests\Unit\Entity\MangaTest" classname="App.Tests.Unit.Entity.MangaTest" assertions="6" time="0.000091"/>
        <testcase name="testTitle" file="/home/krogulec/work/mangadex/mangadex-backend/tests/Unit/Entity/MangaTest.php" line="29" class="App\Tests\Unit\Entity\MangaTest" classname="App.Tests.Unit.Entity.MangaTest" assertions="1" time="0.000055"/>
        <testcase name="testAltTitles" file="/home/krogulec/work/mangadex/mangadex-backend/tests/Unit/Entity/MangaTest.php" line="36" class="App\Tests\Unit\Entity\MangaTest" classname="App.Tests.Unit.Entity.MangaTest" assertions="1" time="0.000054"/>
        <testcase name="testDescription" file="/home/krogulec/work/mangadex/mangadex-backend/tests/Unit/Entity/MangaTest.php" line="43" class="App\Tests\Unit\Entity\MangaTest" classname="App.Tests.Unit.Entity.MangaTest" assertions="1" time="0.000053"/>
        <testcase name="testIsLocked" file="/home/krogulec/work/mangadex/mangadex-backend/tests/Unit/Entity/MangaTest.php" line="50" class="App\Tests\Unit\Entity\MangaTest" classname="App.Tests.Unit.Entity.MangaTest" assertions="1" time="0.000054"/>
        <testcase name="testLinks" file="/home/krogulec/work/mangadex/mangadex-backend/tests/Unit/Entity/MangaTest.php" line="56" class="App\Tests\Unit\Entity\MangaTest" classname="App.Tests.Unit.Entity.MangaTest" assertions="1" time="0.000065"/>
        <testcase name="testOfficialLinks" file="/home/krogulec/work/mangadex/mangadex-backend/tests/Unit/Entity/MangaTest.php" line="63" class="App\Tests\Unit\Entity\MangaTest" classname="App.Tests.Unit.Entity.MangaTest" assertions="1" time="0.000052"/>
        <testcase name="testOriginalLanguage" file="/home/krogulec/work/mangadex/mangadex-backend/tests/Unit/Entity/MangaTest.php" line="70" class="App\Tests\Unit\Entity\MangaTest" classname="App.Tests.Unit.Entity.MangaTest" assertions="1" time="0.000053"/>
        <testcase name="testLastVolume" file="/home/krogulec/work/mangadex/mangadex-backend/tests/Unit/Entity/MangaTest.php" line="77" class="App\Tests\Unit\Entity\MangaTest" classname="App.Tests.Unit.Entity.MangaTest" assertions="1" time="0.000051"/>
        <testcase name="testLastChapter" file="/home/krogulec/work/mangadex/mangadex-backend/tests/Unit/Entity/MangaTest.php" line="84" class="App\Tests\Unit\Entity\MangaTest" classname="App.Tests.Unit.Entity.MangaTest" assertions="1" time="0.000051"/>
        <testcase name="testPublicationDemographic" file="/home/krogulec/work/mangadex/mangadex-backend/tests/Unit/Entity/MangaTest.php" line="91" class="App\Tests\Unit\Entity\MangaTest" classname="App.Tests.Unit.Entity.MangaTest" assertions="1" time="0.000053"/>
        <testcase name="testStatus" file="/home/krogulec/work/mangadex/mangadex-backend/tests/Unit/Entity/MangaTest.php" line="98" class="App\Tests\Unit\Entity\MangaTest" classname="App.Tests.Unit.Entity.MangaTest" assertions="1" time="0.000050"/>
        <testcase name="testYear" file="/home/krogulec/work/mangadex/mangadex-backend/tests/Unit/Entity/MangaTest.php" line="105" class="App\Tests\Unit\Entity\MangaTest" classname="App.Tests.Unit.Entity.MangaTest" assertions="1" time="0.000053"/>
        <testcase name="testContentRating" file="/home/krogulec/work/mangadex/mangadex-backend/tests/Unit/Entity/MangaTest.php" line="112" class="App\Tests\Unit\Entity\MangaTest" classname="App.Tests.Unit.Entity.MangaTest" assertions="1" time="0.000052"/>
        <testcase name="testChapterNumbersResetOnNewVolume" file="/home/krogulec/work/mangadex/mangadex-backend/tests/Unit/Entity/MangaTest.php" line="119" class="App\Tests\Unit\Entity\MangaTest" classname="App.Tests.Unit.Entity.MangaTest" assertions="1" time="0.000054"/>
        <testcase name="testAvailableTranslatedLanguages" file="/home/krogulec/work/mangadex/mangadex-backend/tests/Unit/Entity/MangaTest.php" line="125" class="App\Tests\Unit\Entity\MangaTest" classname="App.Tests.Unit.Entity.MangaTest" assertions="1" time="0.000052"/>
        <testcase name="testLatestUploadedChapter" file="/home/krogulec/work/mangadex/mangadex-backend/tests/Unit/Entity/MangaTest.php" line="132" class="App\Tests\Unit\Entity\MangaTest" classname="App.Tests.Unit.Entity.MangaTest" assertions="1" time="0.000051"/>
        <testcase name="testState" file="/home/krogulec/work/mangadex/mangadex-backend/tests/Unit/Entity/MangaTest.php" line="139" class="App\Tests\Unit\Entity\MangaTest" classname="App.Tests.Unit.Entity.MangaTest" assertions="1" time="0.000051"/>
        <testcase name="testVersion" file="/home/krogulec/work/mangadex/mangadex-backend/tests/Unit/Entity/MangaTest.php" line="146" class="App\Tests\Unit\Entity\MangaTest" classname="App.Tests.Unit.Entity.MangaTest" assertions="1" time="0.000071"/>
        <testcase name="testTimestamps" file="/home/krogulec/work/mangadex/mangadex-backend/tests/Unit/Entity/MangaTest.php" line="153" class="App\Tests\Unit\Entity\MangaTest" classname="App.Tests.Unit.Entity.MangaTest" assertions="2" time="0.000066"/>
        <testcase name="testAuthorsCollection" file="/home/krogulec/work/mangadex/mangadex-backend/tests/Unit/Entity/MangaTest.php" line="165" class="App\Tests\Unit\Entity\MangaTest" classname="App.Tests.Unit.Entity.MangaTest" assertions="2" time="0.000062"/>
        <testcase name="testAddAuthor" file="/home/krogulec/work/mangadex/mangadex-backend/tests/Unit/Entity/MangaTest.php" line="171" class="App\Tests\Unit\Entity\MangaTest" classname="App.Tests.Unit.Entity.MangaTest" assertions="2" time="0.000058"/>
        <testcase name="testRemoveAuthor" file="/home/krogulec/work/mangadex/mangadex-backend/tests/Unit/Entity/MangaTest.php" line="181" class="App\Tests\Unit\Entity\MangaTest" classname="App.Tests.Unit.Entity.MangaTest" assertions="1" time="0.000058"/>
        <testcase name="testArtistsCollection" file="/home/krogulec/work/mangadex/mangadex-backend/tests/Unit/Entity/MangaTest.php" line="191" class="App\Tests\Unit\Entity\MangaTest" classname="App.Tests.Unit.Entity.MangaTest" assertions="2" time="0.000052"/>
        <testcase name="testAddArtist" file="/home/krogulec/work/mangadex/mangadex-backend/tests/Unit/Entity/MangaTest.php" line="197" class="App\Tests\Unit\Entity\MangaTest" classname="App.Tests.Unit.Entity.MangaTest" assertions="2" time="0.000056"/>
        <testcase name="testTagsCollection" file="/home/krogulec/work/mangadex/mangadex-backend/tests/Unit/Entity/MangaTest.php" line="207" class="App\Tests\Unit\Entity\MangaTest" classname="App.Tests.Unit.Entity.MangaTest" assertions="2" time="0.000052"/>
        <testcase name="testAddTag" file="/home/krogulec/work/mangadex/mangadex-backend/tests/Unit/Entity/MangaTest.php" line="213" class="App\Tests\Unit\Entity\MangaTest" classname="App.Tests.Unit.Entity.MangaTest" assertions="2" time="0.000055"/>
        <testcase name="testChaptersCollection" file="/home/krogulec/work/mangadex/mangadex-backend/tests/Unit/Entity/MangaTest.php" line="224" class="App\Tests\Unit\Entity\MangaTest" classname="App.Tests.Unit.Entity.MangaTest" assertions="2" time="0.000054"/>
        <testcase name="testCoverArtsCollection" file="/home/krogulec/work/mangadex/mangadex-backend/tests/Unit/Entity/MangaTest.php" line="230" class="App\Tests\Unit\Entity\MangaTest" classname="App.Tests.Unit.Entity.MangaTest" assertions="2" time="0.000052"/>
        <testcase name="testFollowersCollection" file="/home/krogulec/work/mangadex/mangadex-backend/tests/Unit/Entity/MangaTest.php" line="236" class="App\Tests\Unit\Entity\MangaTest" classname="App.Tests.Unit.Entity.MangaTest" assertions="2" time="0.000057"/>
      </testsuite>
      <testsuite name="App\Tests\Unit\Entity\TagTest" file="/home/krogulec/work/mangadex/mangadex-backend/tests/Unit/Entity/TagTest.php" tests="11" assertions="19" errors="0" failures="0" skipped="0" time="0.000604">
        <testcase name="testTagCreation" file="/home/krogulec/work/mangadex/mangadex-backend/tests/Unit/Entity/TagTest.php" line="17" class="App\Tests\Unit\Entity\TagTest" classname="App.Tests.Unit.Entity.TagTest" assertions="3" time="0.000072"/>
        <testcase name="testName" file="/home/krogulec/work/mangadex/mangadex-backend/tests/Unit/Entity/TagTest.php" line="24" class="App\Tests\Unit\Entity\TagTest" classname="App.Tests.Unit.Entity.TagTest" assertions="1" time="0.000059"/>
        <testcase name="testDescription" file="/home/krogulec/work/mangadex/mangadex-backend/tests/Unit/Entity/TagTest.php" line="31" class="App\Tests\Unit\Entity\TagTest" classname="App.Tests.Unit.Entity.TagTest" assertions="1" time="0.000050"/>
        <testcase name="testTagGroup" file="/home/krogulec/work/mangadex/mangadex-backend/tests/Unit/Entity/TagTest.php" line="38" class="App\Tests\Unit\Entity\TagTest" classname="App.Tests.Unit.Entity.TagTest" assertions="1" time="0.000052"/>
        <testcase name="testVersion" file="/home/krogulec/work/mangadex/mangadex-backend/tests/Unit/Entity/TagTest.php" line="45" class="App\Tests\Unit\Entity\TagTest" classname="App.Tests.Unit.Entity.TagTest" assertions="1" time="0.000049"/>
        <testcase name="testTimestamps" file="/home/krogulec/work/mangadex/mangadex-backend/tests/Unit/Entity/TagTest.php" line="52" class="App\Tests\Unit\Entity\TagTest" classname="App.Tests.Unit.Entity.TagTest" assertions="2" time="0.000056"/>
        <testcase name="testMangaCollection" file="/home/krogulec/work/mangadex/mangadex-backend/tests/Unit/Entity/TagTest.php" line="64" class="App\Tests\Unit\Entity\TagTest" classname="App.Tests.Unit.Entity.TagTest" assertions="2" time="0.000056"/>
        <testcase name="testReportsCollection" file="/home/krogulec/work/mangadex/mangadex-backend/tests/Unit/Entity/TagTest.php" line="70" class="App\Tests\Unit\Entity\TagTest" classname="App.Tests.Unit.Entity.TagTest" assertions="2" time="0.000052"/>
        <testcase name="testValidTagGroups" file="/home/krogulec/work/mangadex/mangadex-backend/tests/Unit/Entity/TagTest.php" line="76" class="App\Tests\Unit\Entity\TagTest" classname="App.Tests.Unit.Entity.TagTest" assertions="4" time="0.000056"/>
        <testcase name="testMultilingualName" file="/home/krogulec/work/mangadex/mangadex-backend/tests/Unit/Entity/TagTest.php" line="86" class="App\Tests\Unit\Entity\TagTest" classname="App.Tests.Unit.Entity.TagTest" assertions="1" time="0.000050"/>
        <testcase name="testMultilingualDescription" file="/home/krogulec/work/mangadex/mangadex-backend/tests/Unit/Entity/TagTest.php" line="97" class="App\Tests\Unit\Entity\TagTest" classname="App.Tests.Unit.Entity.TagTest" assertions="1" time="0.000051"/>
      </testsuite>
      <testsuite name="App\Tests\Unit\Entity\UserTest" file="/home/krogulec/work/mangadex/mangadex-backend/tests/Unit/Entity/UserTest.php" tests="15" assertions="25" errors="0" failures="0" skipped="0" time="0.001089">
        <testcase name="testUserCreation" file="/home/krogulec/work/mangadex/mangadex-backend/tests/Unit/Entity/UserTest.php" line="17" class="App\Tests\Unit\Entity\UserTest" classname="App.Tests.Unit.Entity.UserTest" assertions="4" time="0.000082"/>
        <testcase name="testUsername" file="/home/krogulec/work/mangadex/mangadex-backend/tests/Unit/Entity/UserTest.php" line="25" class="App\Tests\Unit\Entity\UserTest" classname="App.Tests.Unit.Entity.UserTest" assertions="1" time="0.000064"/>
        <testcase name="testEmail" file="/home/krogulec/work/mangadex/mangadex-backend/tests/Unit/Entity/UserTest.php" line="32" class="App\Tests\Unit\Entity\UserTest" classname="App.Tests.Unit.Entity.UserTest" assertions="1" time="0.000059"/>
        <testcase name="testPassword" file="/home/krogulec/work/mangadex/mangadex-backend/tests/Unit/Entity/UserTest.php" line="39" class="App\Tests\Unit\Entity\UserTest" classname="App.Tests.Unit.Entity.UserTest" assertions="1" time="0.000058"/>
        <testcase name="testRoles" file="/home/krogulec/work/mangadex/mangadex-backend/tests/Unit/Entity/UserTest.php" line="46" class="App\Tests\Unit\Entity\UserTest" classname="App.Tests.Unit.Entity.UserTest" assertions="2" time="0.000057"/>
        <testcase name="testDefaultRole" file="/home/krogulec/work/mangadex/mangadex-backend/tests/Unit/Entity/UserTest.php" line="54" class="App\Tests\Unit\Entity\UserTest" classname="App.Tests.Unit.Entity.UserTest" assertions="1" time="0.000052"/>
        <testcase name="testVersion" file="/home/krogulec/work/mangadex/mangadex-backend/tests/Unit/Entity/UserTest.php" line="59" class="App\Tests\Unit\Entity\UserTest" classname="App.Tests.Unit.Entity.UserTest" assertions="1" time="0.000054"/>
        <testcase name="testTimestamps" file="/home/krogulec/work/mangadex/mangadex-backend/tests/Unit/Entity/UserTest.php" line="66" class="App\Tests\Unit\Entity\UserTest" classname="App.Tests.Unit.Entity.UserTest" assertions="2" time="0.000054"/>
        <testcase name="testUserIdentifier" file="/home/krogulec/work/mangadex/mangadex-backend/tests/Unit/Entity/UserTest.php" line="78" class="App\Tests\Unit\Entity\UserTest" classname="App.Tests.Unit.Entity.UserTest" assertions="1" time="0.000055"/>
        <testcase name="testEraseCredentials" file="/home/krogulec/work/mangadex/mangadex-backend/tests/Unit/Entity/UserTest.php" line="85" class="App\Tests\Unit\Entity\UserTest" classname="App.Tests.Unit.Entity.UserTest" assertions="1" time="0.000051"/>
        <testcase name="testChaptersCollection" file="/home/krogulec/work/mangadex/mangadex-backend/tests/Unit/Entity/UserTest.php" line="92" class="App\Tests\Unit\Entity\UserTest" classname="App.Tests.Unit.Entity.UserTest" assertions="2" time="0.000071"/>
        <testcase name="testCoverArtsCollection" file="/home/krogulec/work/mangadex/mangadex-backend/tests/Unit/Entity/UserTest.php" line="98" class="App\Tests\Unit\Entity\UserTest" classname="App.Tests.Unit.Entity.UserTest" assertions="2" time="0.000140"/>
        <testcase name="testFollowedMangaCollection" file="/home/krogulec/work/mangadex/mangadex-backend/tests/Unit/Entity/UserTest.php" line="104" class="App\Tests\Unit\Entity\UserTest" classname="App.Tests.Unit.Entity.UserTest" assertions="2" time="0.000107"/>
        <testcase name="testFollowersCollection" file="/home/krogulec/work/mangadex/mangadex-backend/tests/Unit/Entity/UserTest.php" line="110" class="App\Tests\Unit\Entity\UserTest" classname="App.Tests.Unit.Entity.UserTest" assertions="2" time="0.000100"/>
        <testcase name="testFollowingCollection" file="/home/krogulec/work/mangadex/mangadex-backend/tests/Unit/Entity/UserTest.php" line="116" class="App\Tests\Unit\Entity\UserTest" classname="App.Tests.Unit.Entity.UserTest" assertions="2" time="0.000085"/>
      </testsuite>
    </testsuite>
  </testsuite>
</testsuites>
